2024-04-08 12:30:10,738 INFO o.a.j.u.JMeterUtils: Setting Locale to en_EN
2024-04-08 12:30:10,767 INFO o.a.j.JMeter: Loading user properties from: user.properties
2024-04-08 12:30:10,768 INFO o.a.j.JMeter: Loading system properties from: system.properties
2024-04-08 12:30:10,775 INFO o.a.j.JMeter: Copyright (c) 1998-2022 The Apache Software Foundation
2024-04-08 12:30:10,775 INFO o.a.j.JMeter: Version 5.5
2024-04-08 12:30:10,775 INFO o.a.j.JMeter: java.version=11.0.22
2024-04-08 12:30:10,775 INFO o.a.j.JMeter: java.vm.name=OpenJDK 64-Bit Server VM
2024-04-08 12:30:10,775 INFO o.a.j.JMeter: os.name=Linux
2024-04-08 12:30:10,775 INFO o.a.j.JMeter: os.arch=amd64
2024-04-08 12:30:10,775 INFO o.a.j.JMeter: os.version=5.15.0-101-generic
2024-04-08 12:30:10,775 INFO o.a.j.JMeter: file.encoding=UTF-8
2024-04-08 12:30:10,775 INFO o.a.j.JMeter: java.awt.headless=null
2024-04-08 12:30:10,776 INFO o.a.j.JMeter: Max memory     =1073741824
2024-04-08 12:30:10,776 INFO o.a.j.JMeter: Available Processors =8
2024-04-08 12:30:10,786 INFO o.a.j.JMeter: Default Locale=English (EN)
2024-04-08 12:30:10,787 INFO o.a.j.JMeter: JMeter  Locale=English (EN)
2024-04-08 12:30:10,787 INFO o.a.j.JMeter: JMeterHome=/home/knoldus/Desktop/apache-jmeter-5.5
2024-04-08 12:30:10,787 INFO o.a.j.JMeter: user.dir  =/home/knoldus/Desktop/apache-jmeter-5.5/bin
2024-04-08 12:30:10,787 INFO o.a.j.JMeter: PWD       =/home/knoldus/Desktop/apache-jmeter-5.5/bin
2024-04-08 12:30:10,799 INFO o.a.j.JMeter: IP: 192.168.0.170 Name: INL-CHD6T73 FullName: INL-CHD6T73
2024-04-08 12:30:10,806 INFO o.a.j.JMeter: Loaded icon properties from org/apache/jmeter/images/icon.properties
2024-04-08 12:30:11,109 INFO o.a.j.JMeterGuiLauncher: Setting LAF to: com.github.weisj.darklaf.DarkLaf:com.github.weisj.darklaf.theme.DarculaTheme
2024-04-08 12:31:40,918 INFO o.a.j.s.FileServer: Default base='/home/knoldus/Desktop/apache-jmeter-5.5/bin'
2024-04-08 12:31:40,921 INFO o.a.j.g.a.Load: Loading file: /home/knoldus/Desktop/apache-jmeter-5.5/bin/Browsing Threads.jmx
2024-04-08 12:31:40,921 INFO o.a.j.s.FileServer: Set new base='/home/knoldus/Desktop/apache-jmeter-5.5/bin'
2024-04-08 12:31:41,091 INFO o.a.j.s.SaveService: Testplan (JMX) version: 2.2. Testlog (JTL) version: 2.2
2024-04-08 12:31:41,099 INFO o.a.j.s.SaveService: Using SaveService properties version 5.0
2024-04-08 12:31:41,100 INFO o.a.j.s.SaveService: Using SaveService properties file encoding UTF-8
2024-04-08 12:31:41,102 INFO o.a.j.s.SaveService: Loading file: /home/knoldus/Desktop/apache-jmeter-5.5/bin/Browsing Threads.jmx
2024-04-08 12:31:41,121 INFO o.a.j.p.h.s.HTTPSamplerBase: Parser for text/html is org.apache.jmeter.protocol.http.parser.LagartoBasedHtmlParser
2024-04-08 12:31:41,122 INFO o.a.j.p.h.s.HTTPSamplerBase: Parser for application/xhtml+xml is org.apache.jmeter.protocol.http.parser.LagartoBasedHtmlParser
2024-04-08 12:31:41,122 INFO o.a.j.p.h.s.HTTPSamplerBase: Parser for application/xml is org.apache.jmeter.protocol.http.parser.LagartoBasedHtmlParser
2024-04-08 12:31:41,122 INFO o.a.j.p.h.s.HTTPSamplerBase: Parser for text/xml is org.apache.jmeter.protocol.http.parser.LagartoBasedHtmlParser
2024-04-08 12:31:41,122 INFO o.a.j.p.h.s.HTTPSamplerBase: Parser for text/vnd.wap.wml is org.apache.jmeter.protocol.http.parser.RegexpHTMLParser
2024-04-08 12:31:41,122 INFO o.a.j.p.h.s.HTTPSamplerBase: Parser for text/css is org.apache.jmeter.protocol.http.parser.CssParser
2024-04-08 12:31:41,331 INFO o.a.j.e.KeyToolUtils: keytool found at 'keytool'
2024-04-08 12:31:41,331 INFO o.a.j.p.h.p.ProxyControl: HTTP(S) Test Script Recorder SSL Proxy will use keys that support embedded 3rd party resources in file /home/knoldus/Desktop/apache-jmeter-5.5/bin/proxyserver.jks
2024-04-08 12:31:41,460 INFO o.a.j.s.SampleResult: Note: Sample TimeStamps are START times
2024-04-08 12:31:41,461 INFO o.a.j.s.SampleResult: sampleresult.default.encoding is set to ISO-8859-1
2024-04-08 12:31:41,461 INFO o.a.j.s.SampleResult: sampleresult.useNanoTime=true
2024-04-08 12:31:41,461 INFO o.a.j.s.SampleResult: sampleresult.nanoThreadSleep=5000
2024-04-08 12:31:41,605 INFO o.a.j.v.ViewResultsFullVisualizer: Add JavaFX to your Java installation if you want to use renderer: org.apache.jmeter.visualizers.RenderInBrowser
2024-04-08 12:31:41,728 INFO o.a.j.v.ViewResultsFullVisualizer: Add JavaFX to your Java installation if you want to use renderer: org.apache.jmeter.visualizers.RenderInBrowser
2024-04-08 12:31:42,129 INFO o.a.j.v.ViewResultsFullVisualizer: Add JavaFX to your Java installation if you want to use renderer: org.apache.jmeter.visualizers.RenderInBrowser
2024-04-08 12:31:42,181 INFO o.a.j.v.ViewResultsFullVisualizer: Add JavaFX to your Java installation if you want to use renderer: org.apache.jmeter.visualizers.RenderInBrowser
2024-04-08 12:31:42,235 INFO o.a.j.v.ViewResultsFullVisualizer: Add JavaFX to your Java installation if you want to use renderer: org.apache.jmeter.visualizers.RenderInBrowser
2024-04-08 12:31:42,281 INFO o.a.j.s.FileServer: Set new base='/home/knoldus/Desktop/apache-jmeter-5.5/bin'
2024-04-08 12:31:49,629 INFO o.a.j.e.StandardJMeterEngine: Running the test!
2024-04-08 12:31:49,630 INFO o.a.j.s.SampleEvent: List of sample_variables: []
2024-04-08 12:31:49,630 INFO o.a.j.s.SampleEvent: List of sample_variables: []
2024-04-08 12:31:49,632 INFO o.a.j.e.u.CompoundVariable: Note: Function class names must contain the string: '.functions.'
2024-04-08 12:31:49,632 INFO o.a.j.e.u.CompoundVariable: Note: Function class names must not contain the string: '.gui.'
2024-04-08 12:31:49,903 INFO o.a.j.r.ResultCollector: Folder at /home/knoldus/apache-jmeter-5.5/bin was created
2024-04-08 12:31:49,907 INFO o.a.j.g.u.JMeterMenuBar: setRunning(true, *local*)
2024-04-08 12:31:49,928 INFO o.a.j.e.StandardJMeterEngine: Starting ThreadGroup: 1 : Browsing Threads
2024-04-08 12:31:49,928 INFO o.a.j.e.StandardJMeterEngine: Starting 5 threads for group Browsing Threads.
2024-04-08 12:31:49,928 INFO o.a.j.e.StandardJMeterEngine: Thread will continue on error
2024-04-08 12:31:49,928 INFO o.a.j.t.ThreadGroup: Starting thread group... number=1 threads=5 ramp-up=10 delayedStart=false
2024-04-08 12:31:49,933 INFO o.a.j.t.ThreadGroup: Started thread group number 1
2024-04-08 12:31:49,934 INFO o.a.j.e.StandardJMeterEngine: Starting ThreadGroup: 2 : Task 3 Thread
2024-04-08 12:31:49,934 INFO o.a.j.e.StandardJMeterEngine: Starting 5 threads for group Task 3 Thread.
2024-04-08 12:31:49,934 INFO o.a.j.e.StandardJMeterEngine: Thread will continue on error
2024-04-08 12:31:49,934 INFO o.a.j.t.ThreadGroup: Starting thread group... number=2 threads=5 ramp-up=10 delayedStart=false
2024-04-08 12:31:49,934 INFO o.a.j.t.JMeterThread: Thread started: Browsing Threads 1-1
2024-04-08 12:31:49,935 INFO o.a.j.t.ThreadGroup: Started thread group number 2
2024-04-08 12:31:49,936 INFO o.a.j.e.StandardJMeterEngine: Starting ThreadGroup: 3 : Task 2 Thread
2024-04-08 12:31:49,936 INFO o.a.j.e.StandardJMeterEngine: Starting 1 threads for group Task 2 Thread.
2024-04-08 12:31:49,936 INFO o.a.j.e.StandardJMeterEngine: Thread will continue on error
2024-04-08 12:31:49,936 INFO o.a.j.t.ThreadGroup: Starting thread group... number=3 threads=1 ramp-up=1 delayedStart=false
2024-04-08 12:31:49,942 INFO o.a.j.t.ThreadGroup: Started thread group number 3
2024-04-08 12:31:49,942 INFO o.a.j.e.StandardJMeterEngine: Starting ThreadGroup: 4 : Task 4 Thread 
2024-04-08 12:31:49,942 INFO o.a.j.e.StandardJMeterEngine: Starting 5 threads for group Task 4 Thread .
2024-04-08 12:31:49,942 INFO o.a.j.e.StandardJMeterEngine: Thread will continue on error
2024-04-08 12:31:49,942 INFO o.a.j.t.ThreadGroup: Starting thread group... number=4 threads=5 ramp-up=10 delayedStart=false
2024-04-08 12:31:49,943 INFO o.a.j.t.JMeterThread: Thread started: Task 4 Thread  4-1
2024-04-08 12:31:49,944 INFO o.a.j.t.ThreadGroup: Started thread group number 4
2024-04-08 12:31:49,944 INFO o.a.j.e.StandardJMeterEngine: Starting ThreadGroup: 5 : Task 5 Thread
2024-04-08 12:31:49,944 INFO o.a.j.e.StandardJMeterEngine: Starting 5 threads for group Task 5 Thread.
2024-04-08 12:31:49,944 INFO o.a.j.e.StandardJMeterEngine: Thread will continue on error
2024-04-08 12:31:49,944 INFO o.a.j.t.ThreadGroup: Starting thread group... number=5 threads=5 ramp-up=10 delayedStart=false
2024-04-08 12:31:49,945 INFO o.a.j.t.JMeterThread: Thread started: Task 5 Thread 5-1
2024-04-08 12:31:49,945 INFO o.a.j.t.JMeterThread: Thread started: Task 3 Thread 2-1
2024-04-08 12:31:49,948 INFO o.a.j.t.ThreadGroup: Started thread group number 5
2024-04-08 12:31:49,948 INFO o.a.j.s.FileServer: Stored: /home/knoldus/apache-jmeter-5.5/bin/list.csv
2024-04-08 12:31:49,948 INFO o.a.j.e.StandardJMeterEngine: Starting ThreadGroup: 6 : Task 6 Thread
2024-04-08 12:31:49,948 INFO o.a.j.e.StandardJMeterEngine: Starting 150 threads for group Task 6 Thread.
2024-04-08 12:31:49,948 INFO o.a.j.e.StandardJMeterEngine: Thread will continue on error
2024-04-08 12:31:49,948 INFO o.a.j.t.ThreadGroup: Starting thread group... number=6 threads=150 ramp-up=30 delayedStart=false
2024-04-08 12:31:49,950 INFO o.a.j.t.JMeterThread: Thread started: Task 6 Thread 6-1
2024-04-08 12:31:49,960 INFO o.a.j.t.JMeterThread: Thread started: Task 2 Thread 3-1
2024-04-08 12:31:49,962 INFO o.a.j.p.h.s.HTTPHCAbstractImpl: Local host = INL-CHD6T73
2024-04-08 12:31:49,948 ERROR o.a.j.t.JMeterThread: Test failed!
java.lang.IllegalArgumentException: Could not read file header line for file /home/knoldus/apache-jmeter-5.5/bin/list.csv
	at org.apache.jmeter.services.FileServer.reserveFile(FileServer.java:283) ~[ApacheJMeter_core.jar:5.5]
	at org.apache.jmeter.config.CSVDataSet.initVars(CSVDataSet.java:216) ~[ApacheJMeter_components.jar:5.5]
	at org.apache.jmeter.config.CSVDataSet.iterationStart(CSVDataSet.java:171) ~[ApacheJMeter_components.jar:5.5]
	at org.apache.jmeter.control.GenericController.fireIterationStart(GenericController.java:399) ~[ApacheJMeter_core.jar:5.5]
	at org.apache.jmeter.control.GenericController.fireIterEvents(GenericController.java:391) ~[ApacheJMeter_core.jar:5.5]
	at org.apache.jmeter.control.GenericController.next(GenericController.java:160) ~[ApacheJMeter_core.jar:5.5]
	at org.apache.jmeter.control.LoopController.next(LoopController.java:134) ~[ApacheJMeter_core.jar:5.5]
	at org.apache.jmeter.threads.AbstractThreadGroup.next(AbstractThreadGroup.java:99) ~[ApacheJMeter_core.jar:5.5]
	at org.apache.jmeter.threads.JMeterThread.run(JMeterThread.java:266) ~[ApacheJMeter_core.jar:5.5]
	at java.lang.Thread.run(Thread.java:829) ~[?:?]
Caused by: java.lang.IllegalArgumentException: File list.csv must exist and be readable
	at org.apache.jmeter.services.FileServer.createBufferedReader(FileServer.java:424) ~[ApacheJMeter_core.jar:5.5]
	at org.apache.jmeter.services.FileServer.readLine(FileServer.java:340) ~[ApacheJMeter_core.jar:5.5]
	at org.apache.jmeter.services.FileServer.readLine(FileServer.java:324) ~[ApacheJMeter_core.jar:5.5]
	at org.apache.jmeter.services.FileServer.reserveFile(FileServer.java:272) ~[ApacheJMeter_core.jar:5.5]
	... 9 more
2024-04-08 12:31:49,968 INFO o.a.j.t.JMeterThread: Thread finished: Task 3 Thread 2-1
2024-04-08 12:31:49,972 INFO o.a.j.p.h.s.HTTPHC4Impl: HTTP request retry count = 0
2024-04-08 12:31:49,993 INFO o.a.j.t.ThreadGroup: Started thread group number 6
2024-04-08 12:31:49,993 INFO o.a.j.e.StandardJMeterEngine: All thread groups have been started
2024-04-08 12:31:50,079 INFO o.a.j.p.h.s.h.LazyLayeredConnectionSocketFactory: Setting up HTTPS TrustAll Socket Factory
2024-04-08 12:31:50,082 INFO o.a.j.u.JsseSSLManager: Using default SSL protocol: TLS
2024-04-08 12:31:50,082 INFO o.a.j.u.JsseSSLManager: SSL session context: per-thread
2024-04-08 12:31:50,135 INFO o.a.j.u.SSLManager: JmeterKeyStore Location:  type JKS
2024-04-08 12:31:50,138 INFO o.a.j.u.SSLManager: KeyStore created OK
2024-04-08 12:31:50,139 WARN o.a.j.u.SSLManager: Keystore file not found, loading empty keystore
2024-04-08 12:31:50,149 INFO o.a.j.t.JMeterThread: Thread started: Task 6 Thread 6-2
2024-04-08 12:31:50,348 INFO o.a.j.t.JMeterThread: Thread started: Task 6 Thread 6-3
2024-04-08 12:31:50,548 INFO o.a.j.t.JMeterThread: Thread started: Task 6 Thread 6-4
2024-04-08 12:31:50,606 INFO o.a.j.t.JMeterThread: Thread is done: Browsing Threads 1-1
2024-04-08 12:31:50,606 INFO o.a.j.t.JMeterThread: Thread finished: Browsing Threads 1-1
2024-04-08 12:31:50,632 INFO o.a.j.t.JMeterThread: Thread is done: Task 4 Thread  4-1
2024-04-08 12:31:50,632 INFO o.a.j.t.JMeterThread: Thread finished: Task 4 Thread  4-1
2024-04-08 12:31:50,749 INFO o.a.j.t.JMeterThread: Thread started: Task 6 Thread 6-5
2024-04-08 12:31:50,949 INFO o.a.j.t.JMeterThread: Thread started: Task 6 Thread 6-6
2024-04-08 12:31:51,149 INFO o.a.j.t.JMeterThread: Thread started: Task 6 Thread 6-7
2024-04-08 12:31:51,348 INFO o.a.j.t.JMeterThread: Thread started: Task 6 Thread 6-8
2024-04-08 12:31:51,549 INFO o.a.j.t.JMeterThread: Thread started: Task 6 Thread 6-9
2024-04-08 12:31:51,751 INFO o.a.j.t.JMeterThread: Thread started: Task 6 Thread 6-10
2024-04-08 12:31:51,934 INFO o.a.j.t.JMeterThread: Thread started: Browsing Threads 1-2
2024-04-08 12:31:51,942 INFO o.a.j.t.JMeterThread: Thread started: Task 4 Thread  4-2
2024-04-08 12:31:51,945 INFO o.a.j.t.JMeterThread: Thread started: Task 5 Thread 5-2
2024-04-08 12:31:51,947 INFO o.a.j.t.JMeterThread: Thread started: Task 3 Thread 2-2
2024-04-08 12:31:51,948 ERROR o.a.j.t.JMeterThread: Test failed!
java.lang.IllegalArgumentException: Could not read file header line for file /home/knoldus/apache-jmeter-5.5/bin/list.csv
	at org.apache.jmeter.services.FileServer.reserveFile(FileServer.java:283) ~[ApacheJMeter_core.jar:5.5]
	at org.apache.jmeter.config.CSVDataSet.initVars(CSVDataSet.java:216) ~[ApacheJMeter_components.jar:5.5]
	at org.apache.jmeter.config.CSVDataSet.iterationStart(CSVDataSet.java:171) ~[ApacheJMeter_components.jar:5.5]
	at org.apache.jmeter.control.GenericController.fireIterationStart(GenericController.java:399) ~[ApacheJMeter_core.jar:5.5]
	at org.apache.jmeter.control.GenericController.fireIterEvents(GenericController.java:391) ~[ApacheJMeter_core.jar:5.5]
	at org.apache.jmeter.control.GenericController.next(GenericController.java:160) ~[ApacheJMeter_core.jar:5.5]
	at org.apache.jmeter.control.LoopController.next(LoopController.java:134) ~[ApacheJMeter_core.jar:5.5]
	at org.apache.jmeter.threads.AbstractThreadGroup.next(AbstractThreadGroup.java:99) ~[ApacheJMeter_core.jar:5.5]
	at org.apache.jmeter.threads.JMeterThread.run(JMeterThread.java:266) ~[ApacheJMeter_core.jar:5.5]
	at java.lang.Thread.run(Thread.java:829) ~[?:?]
Caused by: java.lang.IllegalArgumentException: File list.csv must exist and be readable
	at org.apache.jmeter.services.FileServer.createBufferedReader(FileServer.java:424) ~[ApacheJMeter_core.jar:5.5]
	at org.apache.jmeter.services.FileServer.readLine(FileServer.java:340) ~[ApacheJMeter_core.jar:5.5]
	at org.apache.jmeter.services.FileServer.readLine(FileServer.java:324) ~[ApacheJMeter_core.jar:5.5]
	at org.apache.jmeter.services.FileServer.reserveFile(FileServer.java:272) ~[ApacheJMeter_core.jar:5.5]
	... 9 more
2024-04-08 12:31:51,948 INFO o.a.j.t.JMeterThread: Thread finished: Task 3 Thread 2-2
2024-04-08 12:31:51,949 INFO o.a.j.t.JMeterThread: Thread started: Task 6 Thread 6-11
2024-04-08 12:31:52,149 INFO o.a.j.t.JMeterThread: Thread started: Task 6 Thread 6-12
2024-04-08 12:31:52,260 INFO o.a.j.t.JMeterThread: Thread is done: Browsing Threads 1-2
2024-04-08 12:31:52,261 INFO o.a.j.t.JMeterThread: Thread finished: Browsing Threads 1-2
2024-04-08 12:31:52,348 INFO o.a.j.t.JMeterThread: Thread started: Task 6 Thread 6-13
2024-04-08 12:31:52,514 INFO o.a.j.t.JMeterThread: Thread is done: Task 4 Thread  4-2
2024-04-08 12:31:52,514 INFO o.a.j.t.JMeterThread: Thread finished: Task 4 Thread  4-2
2024-04-08 12:31:52,548 INFO o.a.j.t.JMeterThread: Thread started: Task 6 Thread 6-14
2024-04-08 12:31:52,748 INFO o.a.j.t.JMeterThread: Thread started: Task 6 Thread 6-15
2024-04-08 12:31:52,950 INFO o.a.j.t.JMeterThread: Thread started: Task 6 Thread 6-16
2024-04-08 12:31:53,148 INFO o.a.j.t.JMeterThread: Thread started: Task 6 Thread 6-17
2024-04-08 12:31:53,348 INFO o.a.j.t.JMeterThread: Thread started: Task 6 Thread 6-18
2024-04-08 12:31:53,549 INFO o.a.j.t.JMeterThread: Thread started: Task 6 Thread 6-19
2024-04-08 12:31:53,748 INFO o.a.j.t.JMeterThread: Thread started: Task 6 Thread 6-20
2024-04-08 12:31:53,934 INFO o.a.j.t.JMeterThread: Thread started: Browsing Threads 1-3
2024-04-08 12:31:53,943 INFO o.a.j.t.JMeterThread: Thread started: Task 4 Thread  4-3
2024-04-08 12:31:53,944 INFO o.a.j.t.JMeterThread: Thread started: Task 5 Thread 5-3
2024-04-08 12:31:53,946 INFO o.a.j.t.JMeterThread: Thread started: Task 3 Thread 2-3
2024-04-08 12:31:53,948 INFO o.a.j.t.JMeterThread: Thread started: Task 6 Thread 6-21
2024-04-08 12:31:53,949 ERROR o.a.j.t.JMeterThread: Test failed!
java.lang.IllegalArgumentException: Could not read file header line for file /home/knoldus/apache-jmeter-5.5/bin/list.csv
	at org.apache.jmeter.services.FileServer.reserveFile(FileServer.java:283) ~[ApacheJMeter_core.jar:5.5]
	at org.apache.jmeter.config.CSVDataSet.initVars(CSVDataSet.java:216) ~[ApacheJMeter_components.jar:5.5]
	at org.apache.jmeter.config.CSVDataSet.iterationStart(CSVDataSet.java:171) ~[ApacheJMeter_components.jar:5.5]
	at org.apache.jmeter.control.GenericController.fireIterationStart(GenericController.java:399) ~[ApacheJMeter_core.jar:5.5]
	at org.apache.jmeter.control.GenericController.fireIterEvents(GenericController.java:391) ~[ApacheJMeter_core.jar:5.5]
	at org.apache.jmeter.control.GenericController.next(GenericController.java:160) ~[ApacheJMeter_core.jar:5.5]
	at org.apache.jmeter.control.LoopController.next(LoopController.java:134) ~[ApacheJMeter_core.jar:5.5]
	at org.apache.jmeter.threads.AbstractThreadGroup.next(AbstractThreadGroup.java:99) ~[ApacheJMeter_core.jar:5.5]
	at org.apache.jmeter.threads.JMeterThread.run(JMeterThread.java:266) ~[ApacheJMeter_core.jar:5.5]
	at java.lang.Thread.run(Thread.java:829) ~[?:?]
Caused by: java.lang.IllegalArgumentException: File list.csv must exist and be readable
	at org.apache.jmeter.services.FileServer.createBufferedReader(FileServer.java:424) ~[ApacheJMeter_core.jar:5.5]
	at org.apache.jmeter.services.FileServer.readLine(FileServer.java:340) ~[ApacheJMeter_core.jar:5.5]
	at org.apache.jmeter.services.FileServer.readLine(FileServer.java:324) ~[ApacheJMeter_core.jar:5.5]
	at org.apache.jmeter.services.FileServer.reserveFile(FileServer.java:272) ~[ApacheJMeter_core.jar:5.5]
	... 9 more
2024-04-08 12:31:53,949 INFO o.a.j.t.JMeterThread: Thread finished: Task 3 Thread 2-3
2024-04-08 12:31:54,148 INFO o.a.j.t.JMeterThread: Thread started: Task 6 Thread 6-22
2024-04-08 12:31:54,234 INFO o.a.j.t.JMeterThread: Thread is done: Browsing Threads 1-3
2024-04-08 12:31:54,234 INFO o.a.j.t.JMeterThread: Thread finished: Browsing Threads 1-3
2024-04-08 12:31:54,348 INFO o.a.j.t.JMeterThread: Thread started: Task 6 Thread 6-23
2024-04-08 12:31:54,409 INFO o.a.j.t.JMeterThread: Thread is done: Task 4 Thread  4-3
2024-04-08 12:31:54,409 INFO o.a.j.t.JMeterThread: Thread finished: Task 4 Thread  4-3
2024-04-08 12:31:54,549 INFO o.a.j.t.JMeterThread: Thread started: Task 6 Thread 6-24
2024-04-08 12:31:54,750 INFO o.a.j.t.JMeterThread: Thread started: Task 6 Thread 6-25
2024-04-08 12:31:54,948 INFO o.a.j.t.JMeterThread: Thread started: Task 6 Thread 6-26
2024-04-08 12:31:55,149 INFO o.a.j.t.JMeterThread: Thread started: Task 6 Thread 6-27
2024-04-08 12:31:55,349 INFO o.a.j.t.JMeterThread: Thread started: Task 6 Thread 6-28
2024-04-08 12:31:55,549 INFO o.a.j.t.JMeterThread: Thread started: Task 6 Thread 6-29
2024-04-08 12:31:55,749 INFO o.a.j.t.JMeterThread: Thread started: Task 6 Thread 6-30
2024-04-08 12:31:55,932 INFO o.a.j.t.JMeterThread: Thread started: Browsing Threads 1-4
2024-04-08 12:31:55,940 INFO o.a.j.t.JMeterThread: Thread started: Task 3 Thread 2-4
2024-04-08 12:31:55,940 ERROR o.a.j.t.JMeterThread: Test failed!
java.lang.IllegalArgumentException: Could not read file header line for file /home/knoldus/apache-jmeter-5.5/bin/list.csv
	at org.apache.jmeter.services.FileServer.reserveFile(FileServer.java:283) ~[ApacheJMeter_core.jar:5.5]
	at org.apache.jmeter.config.CSVDataSet.initVars(CSVDataSet.java:216) ~[ApacheJMeter_components.jar:5.5]
	at org.apache.jmeter.config.CSVDataSet.iterationStart(CSVDataSet.java:171) ~[ApacheJMeter_components.jar:5.5]
	at org.apache.jmeter.control.GenericController.fireIterationStart(GenericController.java:399) ~[ApacheJMeter_core.jar:5.5]
	at org.apache.jmeter.control.GenericController.fireIterEvents(GenericController.java:391) ~[ApacheJMeter_core.jar:5.5]
	at org.apache.jmeter.control.GenericController.next(GenericController.java:160) ~[ApacheJMeter_core.jar:5.5]
	at org.apache.jmeter.control.LoopController.next(LoopController.java:134) ~[ApacheJMeter_core.jar:5.5]
	at org.apache.jmeter.threads.AbstractThreadGroup.next(AbstractThreadGroup.java:99) ~[ApacheJMeter_core.jar:5.5]
	at org.apache.jmeter.threads.JMeterThread.run(JMeterThread.java:266) ~[ApacheJMeter_core.jar:5.5]
	at java.lang.Thread.run(Thread.java:829) ~[?:?]
Caused by: java.lang.IllegalArgumentException: File list.csv must exist and be readable
	at org.apache.jmeter.services.FileServer.createBufferedReader(FileServer.java:424) ~[ApacheJMeter_core.jar:5.5]
	at org.apache.jmeter.services.FileServer.readLine(FileServer.java:340) ~[ApacheJMeter_core.jar:5.5]
	at org.apache.jmeter.services.FileServer.readLine(FileServer.java:324) ~[ApacheJMeter_core.jar:5.5]
	at org.apache.jmeter.services.FileServer.reserveFile(FileServer.java:272) ~[ApacheJMeter_core.jar:5.5]
	... 9 more
2024-04-08 12:31:55,941 INFO o.a.j.t.JMeterThread: Thread finished: Task 3 Thread 2-4
2024-04-08 12:31:55,943 INFO o.a.j.t.JMeterThread: Thread started: Task 4 Thread  4-4
2024-04-08 12:31:55,946 INFO o.a.j.t.JMeterThread: Thread started: Task 5 Thread 5-4
2024-04-08 12:31:55,950 INFO o.a.j.t.JMeterThread: Thread started: Task 6 Thread 6-31
2024-04-08 12:31:56,152 INFO o.a.j.t.JMeterThread: Thread started: Task 6 Thread 6-32
2024-04-08 12:31:56,318 INFO o.a.j.t.JMeterThread: Thread is done: Browsing Threads 1-4
2024-04-08 12:31:56,318 INFO o.a.j.t.JMeterThread: Thread finished: Browsing Threads 1-4
2024-04-08 12:31:56,350 INFO o.a.j.t.JMeterThread: Thread started: Task 6 Thread 6-33
2024-04-08 12:31:56,466 INFO o.a.j.t.JMeterThread: Thread is done: Task 4 Thread  4-4
2024-04-08 12:31:56,466 INFO o.a.j.t.JMeterThread: Thread finished: Task 4 Thread  4-4
2024-04-08 12:31:56,549 INFO o.a.j.t.JMeterThread: Thread started: Task 6 Thread 6-34
2024-04-08 12:31:56,749 INFO o.a.j.t.JMeterThread: Thread started: Task 6 Thread 6-35
2024-04-08 12:31:56,949 INFO o.a.j.t.JMeterThread: Thread started: Task 6 Thread 6-36
2024-04-08 12:31:57,154 INFO o.a.j.t.JMeterThread: Thread started: Task 6 Thread 6-37
2024-04-08 12:31:57,349 INFO o.a.j.t.JMeterThread: Thread started: Task 6 Thread 6-38
2024-04-08 12:31:57,548 INFO o.a.j.t.JMeterThread: Thread started: Task 6 Thread 6-39
2024-04-08 12:31:57,748 INFO o.a.j.t.JMeterThread: Thread started: Task 6 Thread 6-40
2024-04-08 12:31:57,930 INFO o.a.j.t.JMeterThread: Thread started: Browsing Threads 1-5
2024-04-08 12:31:57,944 INFO o.a.j.t.JMeterThread: Thread started: Task 4 Thread  4-5
2024-04-08 12:31:57,944 INFO o.a.j.t.JMeterThread: Thread started: Task 3 Thread 2-5
2024-04-08 12:31:57,944 ERROR o.a.j.t.JMeterThread: Test failed!
java.lang.IllegalArgumentException: Could not read file header line for file /home/knoldus/apache-jmeter-5.5/bin/list.csv
	at org.apache.jmeter.services.FileServer.reserveFile(FileServer.java:283) ~[ApacheJMeter_core.jar:5.5]
	at org.apache.jmeter.config.CSVDataSet.initVars(CSVDataSet.java:216) ~[ApacheJMeter_components.jar:5.5]
	at org.apache.jmeter.config.CSVDataSet.iterationStart(CSVDataSet.java:171) ~[ApacheJMeter_components.jar:5.5]
	at org.apache.jmeter.control.GenericController.fireIterationStart(GenericController.java:399) ~[ApacheJMeter_core.jar:5.5]
	at org.apache.jmeter.control.GenericController.fireIterEvents(GenericController.java:391) ~[ApacheJMeter_core.jar:5.5]
	at org.apache.jmeter.control.GenericController.next(GenericController.java:160) ~[ApacheJMeter_core.jar:5.5]
	at org.apache.jmeter.control.LoopController.next(LoopController.java:134) ~[ApacheJMeter_core.jar:5.5]
	at org.apache.jmeter.threads.AbstractThreadGroup.next(AbstractThreadGroup.java:99) ~[ApacheJMeter_core.jar:5.5]
	at org.apache.jmeter.threads.JMeterThread.run(JMeterThread.java:266) ~[ApacheJMeter_core.jar:5.5]
	at java.lang.Thread.run(Thread.java:829) ~[?:?]
Caused by: java.lang.IllegalArgumentException: File list.csv must exist and be readable
	at org.apache.jmeter.services.FileServer.createBufferedReader(FileServer.java:424) ~[ApacheJMeter_core.jar:5.5]
	at org.apache.jmeter.services.FileServer.readLine(FileServer.java:340) ~[ApacheJMeter_core.jar:5.5]
	at org.apache.jmeter.services.FileServer.readLine(FileServer.java:324) ~[ApacheJMeter_core.jar:5.5]
	at org.apache.jmeter.services.FileServer.reserveFile(FileServer.java:272) ~[ApacheJMeter_core.jar:5.5]
	... 9 more
2024-04-08 12:31:57,945 INFO o.a.j.t.JMeterThread: Thread finished: Task 3 Thread 2-5
2024-04-08 12:31:57,945 INFO o.a.j.t.JMeterThread: Thread started: Task 5 Thread 5-5
2024-04-08 12:31:57,948 INFO o.a.j.t.JMeterThread: Thread started: Task 6 Thread 6-41
2024-04-08 12:31:58,149 INFO o.a.j.t.JMeterThread: Thread started: Task 6 Thread 6-42
2024-04-08 12:31:58,236 INFO o.a.j.t.JMeterThread: Thread is done: Browsing Threads 1-5
2024-04-08 12:31:58,236 INFO o.a.j.t.JMeterThread: Thread finished: Browsing Threads 1-5
2024-04-08 12:31:58,349 INFO o.a.j.t.JMeterThread: Thread started: Task 6 Thread 6-43
2024-04-08 12:31:58,490 INFO o.a.j.t.JMeterThread: Thread is done: Task 4 Thread  4-5
2024-04-08 12:31:58,491 INFO o.a.j.t.JMeterThread: Thread finished: Task 4 Thread  4-5
2024-04-08 12:31:58,548 INFO o.a.j.t.JMeterThread: Thread started: Task 6 Thread 6-44
2024-04-08 12:31:58,748 INFO o.a.j.t.JMeterThread: Thread started: Task 6 Thread 6-45
2024-04-08 12:31:58,782 INFO o.a.j.t.JMeterThread: Thread is done: Task 5 Thread 5-1
2024-04-08 12:31:58,782 INFO o.a.j.t.JMeterThread: Thread finished: Task 5 Thread 5-1
2024-04-08 12:31:58,948 INFO o.a.j.t.JMeterThread: Thread started: Task 6 Thread 6-46
2024-04-08 12:31:59,148 INFO o.a.j.t.JMeterThread: Thread started: Task 6 Thread 6-47
2024-04-08 12:31:59,349 INFO o.a.j.t.JMeterThread: Thread started: Task 6 Thread 6-48
2024-04-08 12:31:59,550 INFO o.a.j.t.JMeterThread: Thread started: Task 6 Thread 6-49
2024-04-08 12:31:59,748 INFO o.a.j.t.JMeterThread: Thread started: Task 6 Thread 6-50
2024-04-08 12:31:59,948 INFO o.a.j.t.JMeterThread: Thread started: Task 6 Thread 6-51
2024-04-08 12:32:00,148 INFO o.a.j.t.JMeterThread: Thread started: Task 6 Thread 6-52
2024-04-08 12:32:00,348 INFO o.a.j.t.JMeterThread: Thread started: Task 6 Thread 6-53
2024-04-08 12:32:00,549 INFO o.a.j.t.JMeterThread: Thread started: Task 6 Thread 6-54
2024-04-08 12:32:00,749 INFO o.a.j.t.JMeterThread: Thread started: Task 6 Thread 6-55
2024-04-08 12:32:00,948 INFO o.a.j.t.JMeterThread: Thread started: Task 6 Thread 6-56
2024-04-08 12:32:01,149 INFO o.a.j.t.JMeterThread: Thread started: Task 6 Thread 6-57
2024-04-08 12:32:01,348 INFO o.a.j.t.JMeterThread: Thread started: Task 6 Thread 6-58
2024-04-08 12:32:01,548 INFO o.a.j.t.JMeterThread: Thread started: Task 6 Thread 6-59
2024-04-08 12:32:01,649 INFO o.a.j.t.JMeterThread: Thread is done: Task 5 Thread 5-2
2024-04-08 12:32:01,649 INFO o.a.j.t.JMeterThread: Thread finished: Task 5 Thread 5-2
2024-04-08 12:32:01,748 INFO o.a.j.t.JMeterThread: Thread started: Task 6 Thread 6-60
2024-04-08 12:32:01,948 INFO o.a.j.t.JMeterThread: Thread started: Task 6 Thread 6-61
2024-04-08 12:32:02,148 INFO o.a.j.t.JMeterThread: Thread started: Task 6 Thread 6-62
2024-04-08 12:32:02,349 INFO o.a.j.t.JMeterThread: Thread started: Task 6 Thread 6-63
2024-04-08 12:32:02,549 INFO o.a.j.t.JMeterThread: Thread started: Task 6 Thread 6-64
2024-04-08 12:32:02,686 INFO o.a.j.t.JMeterThread: Thread is done: Task 5 Thread 5-3
2024-04-08 12:32:02,687 INFO o.a.j.t.JMeterThread: Thread finished: Task 5 Thread 5-3
2024-04-08 12:32:02,748 INFO o.a.j.t.JMeterThread: Thread started: Task 6 Thread 6-65
2024-04-08 12:32:02,948 INFO o.a.j.t.JMeterThread: Thread started: Task 6 Thread 6-66
2024-04-08 12:32:03,148 INFO o.a.j.t.JMeterThread: Thread started: Task 6 Thread 6-67
2024-04-08 12:32:03,348 INFO o.a.j.t.JMeterThread: Thread started: Task 6 Thread 6-68
2024-04-08 12:32:03,549 INFO o.a.j.t.JMeterThread: Thread started: Task 6 Thread 6-69
2024-04-08 12:32:03,750 INFO o.a.j.t.JMeterThread: Thread started: Task 6 Thread 6-70
2024-04-08 12:32:03,948 INFO o.a.j.t.JMeterThread: Thread started: Task 6 Thread 6-71
2024-04-08 12:32:04,148 INFO o.a.j.t.JMeterThread: Thread started: Task 6 Thread 6-72
2024-04-08 12:32:04,348 INFO o.a.j.t.JMeterThread: Thread started: Task 6 Thread 6-73
2024-04-08 12:32:04,549 INFO o.a.j.t.JMeterThread: Thread started: Task 6 Thread 6-74
2024-04-08 12:32:04,748 INFO o.a.j.t.JMeterThread: Thread started: Task 6 Thread 6-75
2024-04-08 12:32:04,950 INFO o.a.j.t.JMeterThread: Thread started: Task 6 Thread 6-76
2024-04-08 12:32:05,149 INFO o.a.j.t.JMeterThread: Thread started: Task 6 Thread 6-77
2024-04-08 12:32:05,348 INFO o.a.j.t.JMeterThread: Thread started: Task 6 Thread 6-78
2024-04-08 12:32:05,549 INFO o.a.j.t.JMeterThread: Thread started: Task 6 Thread 6-79
2024-04-08 12:32:05,748 INFO o.a.j.t.JMeterThread: Thread started: Task 6 Thread 6-80
2024-04-08 12:32:05,949 INFO o.a.j.t.JMeterThread: Thread started: Task 6 Thread 6-81
2024-04-08 12:32:06,148 INFO o.a.j.t.JMeterThread: Thread started: Task 6 Thread 6-82
2024-04-08 12:32:06,343 INFO o.a.j.t.JMeterThread: Thread is done: Task 5 Thread 5-4
2024-04-08 12:32:06,343 INFO o.a.j.t.JMeterThread: Thread finished: Task 5 Thread 5-4
2024-04-08 12:32:06,349 INFO o.a.j.t.JMeterThread: Thread started: Task 6 Thread 6-83
2024-04-08 12:32:06,548 INFO o.a.j.t.JMeterThread: Thread started: Task 6 Thread 6-84
2024-04-08 12:32:06,748 INFO o.a.j.t.JMeterThread: Thread started: Task 6 Thread 6-85
2024-04-08 12:32:06,948 INFO o.a.j.t.JMeterThread: Thread started: Task 6 Thread 6-86
2024-04-08 12:32:06,990 INFO o.a.j.t.JMeterThread: Thread is done: Task 5 Thread 5-5
2024-04-08 12:32:06,990 INFO o.a.j.t.JMeterThread: Thread finished: Task 5 Thread 5-5
2024-04-08 12:32:07,148 INFO o.a.j.t.JMeterThread: Thread started: Task 6 Thread 6-87
2024-04-08 12:32:07,348 INFO o.a.j.t.JMeterThread: Thread started: Task 6 Thread 6-88
2024-04-08 12:32:07,548 INFO o.a.j.t.JMeterThread: Thread started: Task 6 Thread 6-89
2024-04-08 12:32:07,749 INFO o.a.j.t.JMeterThread: Thread started: Task 6 Thread 6-90
2024-04-08 12:32:07,949 INFO o.a.j.t.JMeterThread: Thread started: Task 6 Thread 6-91
2024-04-08 12:32:08,148 INFO o.a.j.t.JMeterThread: Thread started: Task 6 Thread 6-92
2024-04-08 12:32:08,348 INFO o.a.j.t.JMeterThread: Thread started: Task 6 Thread 6-93
2024-04-08 12:32:08,548 INFO o.a.j.t.JMeterThread: Thread started: Task 6 Thread 6-94
2024-04-08 12:32:08,748 INFO o.a.j.t.JMeterThread: Thread started: Task 6 Thread 6-95
2024-04-08 12:32:08,948 INFO o.a.j.t.JMeterThread: Thread started: Task 6 Thread 6-96
2024-04-08 12:32:09,149 INFO o.a.j.t.JMeterThread: Thread started: Task 6 Thread 6-97
2024-04-08 12:32:09,350 INFO o.a.j.t.JMeterThread: Thread started: Task 6 Thread 6-98
2024-04-08 12:32:09,549 INFO o.a.j.t.JMeterThread: Thread started: Task 6 Thread 6-99
2024-04-08 12:32:09,749 INFO o.a.j.t.JMeterThread: Thread started: Task 6 Thread 6-100
2024-04-08 12:32:09,950 INFO o.a.j.t.JMeterThread: Thread started: Task 6 Thread 6-101
2024-04-08 12:32:10,149 INFO o.a.j.t.JMeterThread: Thread started: Task 6 Thread 6-102
2024-04-08 12:32:10,348 INFO o.a.j.t.JMeterThread: Thread started: Task 6 Thread 6-103
2024-04-08 12:32:10,548 INFO o.a.j.t.JMeterThread: Thread started: Task 6 Thread 6-104
2024-04-08 12:32:10,749 INFO o.a.j.t.JMeterThread: Thread started: Task 6 Thread 6-105
2024-04-08 12:32:10,949 INFO o.a.j.t.JMeterThread: Thread started: Task 6 Thread 6-106
2024-04-08 12:32:11,149 INFO o.a.j.t.JMeterThread: Thread started: Task 6 Thread 6-107
2024-04-08 12:32:11,351 INFO o.a.j.t.JMeterThread: Thread started: Task 6 Thread 6-108
2024-04-08 12:32:11,548 INFO o.a.j.t.JMeterThread: Thread started: Task 6 Thread 6-109
2024-04-08 12:32:11,748 INFO o.a.j.t.JMeterThread: Thread started: Task 6 Thread 6-110
2024-04-08 12:32:11,949 INFO o.a.j.t.JMeterThread: Thread started: Task 6 Thread 6-111
2024-04-08 12:32:12,066 INFO o.a.j.t.JMeterThread: Thread is done: Task 6 Thread 6-4
2024-04-08 12:32:12,066 INFO o.a.j.t.JMeterThread: Thread finished: Task 6 Thread 6-4
2024-04-08 12:32:12,092 INFO o.a.j.t.JMeterThread: Thread is done: Task 6 Thread 6-5
2024-04-08 12:32:12,092 INFO o.a.j.t.JMeterThread: Thread finished: Task 6 Thread 6-5
2024-04-08 12:32:12,149 INFO o.a.j.t.JMeterThread: Thread started: Task 6 Thread 6-112
2024-04-08 12:32:12,349 INFO o.a.j.t.JMeterThread: Thread started: Task 6 Thread 6-113
2024-04-08 12:32:12,399 INFO o.a.j.t.JMeterThread: Thread is done: Task 6 Thread 6-1
2024-04-08 12:32:12,399 INFO o.a.j.t.JMeterThread: Thread finished: Task 6 Thread 6-1
2024-04-08 12:32:12,548 INFO o.a.j.t.JMeterThread: Thread started: Task 6 Thread 6-114
2024-04-08 12:32:12,748 INFO o.a.j.t.JMeterThread: Thread started: Task 6 Thread 6-115
2024-04-08 12:32:12,948 INFO o.a.j.t.JMeterThread: Thread started: Task 6 Thread 6-116
2024-04-08 12:32:13,148 INFO o.a.j.t.JMeterThread: Thread started: Task 6 Thread 6-117
2024-04-08 12:32:13,348 INFO o.a.j.t.JMeterThread: Thread started: Task 6 Thread 6-118
2024-04-08 12:32:13,407 INFO o.a.j.t.JMeterThread: Thread is done: Task 6 Thread 6-6
2024-04-08 12:32:13,407 INFO o.a.j.t.JMeterThread: Thread finished: Task 6 Thread 6-6
2024-04-08 12:32:13,549 INFO o.a.j.t.JMeterThread: Thread started: Task 6 Thread 6-119
2024-04-08 12:32:13,749 INFO o.a.j.t.JMeterThread: Thread started: Task 6 Thread 6-120
2024-04-08 12:32:13,793 INFO o.a.j.t.JMeterThread: Thread is done: Task 6 Thread 6-2
2024-04-08 12:32:13,793 INFO o.a.j.t.JMeterThread: Thread finished: Task 6 Thread 6-2
2024-04-08 12:32:13,820 INFO o.a.j.t.JMeterThread: Thread is done: Task 6 Thread 6-7
2024-04-08 12:32:13,820 INFO o.a.j.t.JMeterThread: Thread finished: Task 6 Thread 6-7
2024-04-08 12:32:13,948 INFO o.a.j.t.JMeterThread: Thread started: Task 6 Thread 6-121
2024-04-08 12:32:14,148 INFO o.a.j.t.JMeterThread: Thread started: Task 6 Thread 6-122
2024-04-08 12:32:14,296 INFO o.a.j.t.JMeterThread: Thread is done: Task 6 Thread 6-14
2024-04-08 12:32:14,296 INFO o.a.j.t.JMeterThread: Thread finished: Task 6 Thread 6-14
2024-04-08 12:32:14,348 INFO o.a.j.t.JMeterThread: Thread started: Task 6 Thread 6-123
2024-04-08 12:32:14,369 INFO o.a.j.t.JMeterThread: Thread is done: Task 6 Thread 6-3
2024-04-08 12:32:14,370 INFO o.a.j.t.JMeterThread: Thread finished: Task 6 Thread 6-3
2024-04-08 12:32:14,548 INFO o.a.j.t.JMeterThread: Thread started: Task 6 Thread 6-124
2024-04-08 12:32:14,675 INFO o.a.j.t.JMeterThread: Thread is done: Task 6 Thread 6-10
2024-04-08 12:32:14,676 INFO o.a.j.t.JMeterThread: Thread finished: Task 6 Thread 6-10
2024-04-08 12:32:14,748 INFO o.a.j.t.JMeterThread: Thread started: Task 6 Thread 6-125
2024-04-08 12:32:14,948 INFO o.a.j.t.JMeterThread: Thread started: Task 6 Thread 6-126
2024-04-08 12:32:15,001 INFO o.a.j.t.JMeterThread: Thread is done: Task 6 Thread 6-19
2024-04-08 12:32:15,001 INFO o.a.j.t.JMeterThread: Thread finished: Task 6 Thread 6-19
2024-04-08 12:32:15,149 INFO o.a.j.t.JMeterThread: Thread started: Task 6 Thread 6-127
2024-04-08 12:32:15,348 INFO o.a.j.t.JMeterThread: Thread started: Task 6 Thread 6-128
2024-04-08 12:32:15,549 INFO o.a.j.t.JMeterThread: Thread started: Task 6 Thread 6-129
2024-04-08 12:32:15,681 INFO o.a.j.t.JMeterThread: Thread is done: Task 6 Thread 6-9
2024-04-08 12:32:15,681 INFO o.a.j.t.JMeterThread: Thread finished: Task 6 Thread 6-9
2024-04-08 12:32:15,748 INFO o.a.j.t.JMeterThread: Thread started: Task 6 Thread 6-130
2024-04-08 12:32:15,887 INFO o.a.j.t.JMeterThread: Thread is done: Task 6 Thread 6-11
2024-04-08 12:32:15,887 INFO o.a.j.t.JMeterThread: Thread finished: Task 6 Thread 6-11
2024-04-08 12:32:15,948 INFO o.a.j.t.JMeterThread: Thread started: Task 6 Thread 6-131
2024-04-08 12:32:16,149 INFO o.a.j.t.JMeterThread: Thread started: Task 6 Thread 6-132
2024-04-08 12:32:16,299 INFO o.a.j.t.JMeterThread: Thread is done: Task 6 Thread 6-17
2024-04-08 12:32:16,300 INFO o.a.j.t.JMeterThread: Thread finished: Task 6 Thread 6-17
2024-04-08 12:32:16,349 INFO o.a.j.t.JMeterThread: Thread started: Task 6 Thread 6-133
2024-04-08 12:32:16,549 INFO o.a.j.t.JMeterThread: Thread started: Task 6 Thread 6-134
2024-04-08 12:32:16,712 INFO o.a.j.t.JMeterThread: Thread is done: Task 2 Thread 3-1
2024-04-08 12:32:16,713 INFO o.a.j.t.JMeterThread: Thread finished: Task 2 Thread 3-1
2024-04-08 12:32:16,749 INFO o.a.j.t.JMeterThread: Thread started: Task 6 Thread 6-135
2024-04-08 12:32:16,948 INFO o.a.j.t.JMeterThread: Thread started: Task 6 Thread 6-136
2024-04-08 12:32:17,060 INFO o.a.j.t.JMeterThread: Thread is done: Task 6 Thread 6-23
2024-04-08 12:32:17,060 INFO o.a.j.t.JMeterThread: Thread finished: Task 6 Thread 6-23
2024-04-08 12:32:17,149 INFO o.a.j.t.JMeterThread: Thread started: Task 6 Thread 6-137
2024-04-08 12:32:17,320 INFO o.a.j.t.JMeterThread: Thread is done: Task 6 Thread 6-29
2024-04-08 12:32:17,321 INFO o.a.j.t.JMeterThread: Thread finished: Task 6 Thread 6-29
2024-04-08 12:32:17,349 INFO o.a.j.t.JMeterThread: Thread started: Task 6 Thread 6-138
2024-04-08 12:32:17,463 INFO o.a.j.t.JMeterThread: Thread is done: Task 6 Thread 6-21
2024-04-08 12:32:17,463 INFO o.a.j.t.JMeterThread: Thread finished: Task 6 Thread 6-21
2024-04-08 12:32:17,488 INFO o.a.j.t.JMeterThread: Thread is done: Task 6 Thread 6-20
2024-04-08 12:32:17,489 INFO o.a.j.t.JMeterThread: Thread finished: Task 6 Thread 6-20
2024-04-08 12:32:17,548 INFO o.a.j.t.JMeterThread: Thread started: Task 6 Thread 6-139
2024-04-08 12:32:17,749 INFO o.a.j.t.JMeterThread: Thread started: Task 6 Thread 6-140
2024-04-08 12:32:17,751 INFO o.a.j.t.JMeterThread: Thread is done: Task 6 Thread 6-12
2024-04-08 12:32:17,751 INFO o.a.j.t.JMeterThread: Thread finished: Task 6 Thread 6-12
2024-04-08 12:32:17,915 INFO o.a.j.t.JMeterThread: Thread is done: Task 6 Thread 6-8
2024-04-08 12:32:17,915 INFO o.a.j.t.JMeterThread: Thread finished: Task 6 Thread 6-8
2024-04-08 12:32:17,949 INFO o.a.j.t.JMeterThread: Thread started: Task 6 Thread 6-141
2024-04-08 12:32:17,987 INFO o.a.j.t.JMeterThread: Thread is done: Task 6 Thread 6-24
2024-04-08 12:32:17,987 INFO o.a.j.t.JMeterThread: Thread finished: Task 6 Thread 6-24
2024-04-08 12:32:18,148 INFO o.a.j.t.JMeterThread: Thread started: Task 6 Thread 6-142
2024-04-08 12:32:18,348 INFO o.a.j.t.JMeterThread: Thread started: Task 6 Thread 6-143
2024-04-08 12:32:18,476 INFO o.a.j.t.JMeterThread: Thread is done: Task 6 Thread 6-36
2024-04-08 12:32:18,476 INFO o.a.j.t.JMeterThread: Thread finished: Task 6 Thread 6-36
2024-04-08 12:32:18,501 INFO o.a.j.t.JMeterThread: Thread is done: Task 6 Thread 6-22
2024-04-08 12:32:18,501 INFO o.a.j.t.JMeterThread: Thread finished: Task 6 Thread 6-22
2024-04-08 12:32:18,512 INFO o.a.j.t.JMeterThread: Thread is done: Task 6 Thread 6-32
2024-04-08 12:32:18,512 INFO o.a.j.t.JMeterThread: Thread finished: Task 6 Thread 6-32
2024-04-08 12:32:18,548 INFO o.a.j.t.JMeterThread: Thread started: Task 6 Thread 6-144
2024-04-08 12:32:18,654 INFO o.a.j.t.JMeterThread: Thread is done: Task 6 Thread 6-27
2024-04-08 12:32:18,655 INFO o.a.j.t.JMeterThread: Thread finished: Task 6 Thread 6-27
2024-04-08 12:32:18,748 INFO o.a.j.t.JMeterThread: Thread started: Task 6 Thread 6-145
2024-04-08 12:32:18,750 INFO o.a.j.t.JMeterThread: Thread is done: Task 6 Thread 6-26
2024-04-08 12:32:18,750 INFO o.a.j.t.JMeterThread: Thread finished: Task 6 Thread 6-26
2024-04-08 12:32:18,798 INFO o.a.j.t.JMeterThread: Thread is done: Task 6 Thread 6-28
2024-04-08 12:32:18,799 INFO o.a.j.t.JMeterThread: Thread finished: Task 6 Thread 6-28
2024-04-08 12:32:18,843 INFO o.a.j.t.JMeterThread: Thread is done: Task 6 Thread 6-18
2024-04-08 12:32:18,843 INFO o.a.j.t.JMeterThread: Thread finished: Task 6 Thread 6-18
2024-04-08 12:32:18,948 INFO o.a.j.t.JMeterThread: Thread started: Task 6 Thread 6-146
2024-04-08 12:32:19,070 INFO o.a.j.t.JMeterThread: Thread is done: Task 6 Thread 6-30
2024-04-08 12:32:19,070 INFO o.a.j.t.JMeterThread: Thread finished: Task 6 Thread 6-30
2024-04-08 12:32:19,117 INFO o.a.j.t.JMeterThread: Thread is done: Task 6 Thread 6-13
2024-04-08 12:32:19,117 INFO o.a.j.t.JMeterThread: Thread finished: Task 6 Thread 6-13
2024-04-08 12:32:19,149 INFO o.a.j.t.JMeterThread: Thread started: Task 6 Thread 6-147
2024-04-08 12:32:19,278 INFO o.a.j.t.JMeterThread: Thread is done: Task 6 Thread 6-15
2024-04-08 12:32:19,278 INFO o.a.j.t.JMeterThread: Thread finished: Task 6 Thread 6-15
2024-04-08 12:32:19,350 INFO o.a.j.t.JMeterThread: Thread started: Task 6 Thread 6-148
2024-04-08 12:32:19,549 INFO o.a.j.t.JMeterThread: Thread started: Task 6 Thread 6-149
2024-04-08 12:32:19,749 INFO o.a.j.t.JMeterThread: Thread started: Task 6 Thread 6-150
2024-04-08 12:32:19,871 INFO o.a.j.t.JMeterThread: Thread is done: Task 6 Thread 6-45
2024-04-08 12:32:19,871 INFO o.a.j.t.JMeterThread: Thread finished: Task 6 Thread 6-45
2024-04-08 12:32:19,955 INFO o.a.j.t.JMeterThread: Thread is done: Task 6 Thread 6-16
2024-04-08 12:32:19,955 INFO o.a.j.t.JMeterThread: Thread finished: Task 6 Thread 6-16
2024-04-08 12:32:20,580 INFO o.a.j.t.JMeterThread: Thread is done: Task 6 Thread 6-43
2024-04-08 12:32:20,580 INFO o.a.j.t.JMeterThread: Thread finished: Task 6 Thread 6-43
2024-04-08 12:32:20,583 INFO o.a.j.t.JMeterThread: Thread is done: Task 6 Thread 6-44
2024-04-08 12:32:20,583 INFO o.a.j.t.JMeterThread: Thread finished: Task 6 Thread 6-44
2024-04-08 12:32:20,983 INFO o.a.j.t.JMeterThread: Thread is done: Task 6 Thread 6-25
2024-04-08 12:32:20,984 INFO o.a.j.t.JMeterThread: Thread finished: Task 6 Thread 6-25
2024-04-08 12:32:21,229 INFO o.a.j.t.JMeterThread: Thread is done: Task 6 Thread 6-38
2024-04-08 12:32:21,229 INFO o.a.j.t.JMeterThread: Thread finished: Task 6 Thread 6-38
2024-04-08 12:32:21,642 INFO o.a.j.t.JMeterThread: Thread is done: Task 6 Thread 6-49
2024-04-08 12:32:21,642 INFO o.a.j.t.JMeterThread: Thread finished: Task 6 Thread 6-49
2024-04-08 12:32:21,986 INFO o.a.j.t.JMeterThread: Thread is done: Task 6 Thread 6-48
2024-04-08 12:32:21,987 INFO o.a.j.t.JMeterThread: Thread finished: Task 6 Thread 6-48
2024-04-08 12:32:22,403 INFO o.a.j.t.JMeterThread: Thread is done: Task 6 Thread 6-34
2024-04-08 12:32:22,404 INFO o.a.j.t.JMeterThread: Thread finished: Task 6 Thread 6-34
2024-04-08 12:32:22,427 INFO o.a.j.t.JMeterThread: Thread is done: Task 6 Thread 6-47
2024-04-08 12:32:22,428 INFO o.a.j.t.JMeterThread: Thread finished: Task 6 Thread 6-47
2024-04-08 12:32:22,521 INFO o.a.j.t.JMeterThread: Thread is done: Task 6 Thread 6-58
2024-04-08 12:32:22,522 INFO o.a.j.t.JMeterThread: Thread finished: Task 6 Thread 6-58
2024-04-08 12:32:22,958 INFO o.a.j.t.JMeterThread: Thread is done: Task 6 Thread 6-35
2024-04-08 12:32:22,959 INFO o.a.j.t.JMeterThread: Thread finished: Task 6 Thread 6-35
2024-04-08 12:32:23,082 INFO o.a.j.t.JMeterThread: Thread is done: Task 6 Thread 6-40
2024-04-08 12:32:23,082 INFO o.a.j.t.JMeterThread: Thread finished: Task 6 Thread 6-40
2024-04-08 12:32:23,121 INFO o.a.j.t.JMeterThread: Thread is done: Task 6 Thread 6-61
2024-04-08 12:32:23,121 INFO o.a.j.t.JMeterThread: Thread finished: Task 6 Thread 6-61
2024-04-08 12:32:23,332 INFO o.a.j.t.JMeterThread: Thread is done: Task 6 Thread 6-41
2024-04-08 12:32:23,333 INFO o.a.j.t.JMeterThread: Thread finished: Task 6 Thread 6-41
2024-04-08 12:32:23,584 INFO o.a.j.t.JMeterThread: Thread is done: Task 6 Thread 6-56
2024-04-08 12:32:23,584 INFO o.a.j.t.JMeterThread: Thread finished: Task 6 Thread 6-56
2024-04-08 12:32:23,665 INFO o.a.j.t.JMeterThread: Thread is done: Task 6 Thread 6-33
2024-04-08 12:32:23,665 INFO o.a.j.t.JMeterThread: Thread finished: Task 6 Thread 6-33
2024-04-08 12:32:23,736 INFO o.a.j.t.JMeterThread: Thread is done: Task 6 Thread 6-54
2024-04-08 12:32:23,736 INFO o.a.j.t.JMeterThread: Thread finished: Task 6 Thread 6-54
2024-04-08 12:32:24,198 INFO o.a.j.t.JMeterThread: Thread is done: Task 6 Thread 6-42
2024-04-08 12:32:24,198 INFO o.a.j.t.JMeterThread: Thread finished: Task 6 Thread 6-42
2024-04-08 12:32:24,420 INFO o.a.j.t.JMeterThread: Thread is done: Task 6 Thread 6-31
2024-04-08 12:32:24,420 INFO o.a.j.t.JMeterThread: Thread finished: Task 6 Thread 6-31
2024-04-08 12:32:24,474 INFO o.a.j.t.JMeterThread: Thread is done: Task 6 Thread 6-55
2024-04-08 12:32:24,474 INFO o.a.j.t.JMeterThread: Thread finished: Task 6 Thread 6-55
2024-04-08 12:32:24,764 INFO o.a.j.t.JMeterThread: Thread is done: Task 6 Thread 6-39
2024-04-08 12:32:24,764 INFO o.a.j.t.JMeterThread: Thread finished: Task 6 Thread 6-39
2024-04-08 12:32:24,966 INFO o.a.j.t.JMeterThread: Thread is done: Task 6 Thread 6-53
2024-04-08 12:32:24,967 INFO o.a.j.t.JMeterThread: Thread finished: Task 6 Thread 6-53
2024-04-08 12:32:25,033 INFO o.a.j.t.JMeterThread: Thread is done: Task 6 Thread 6-62
2024-04-08 12:32:25,033 INFO o.a.j.t.JMeterThread: Thread finished: Task 6 Thread 6-62
2024-04-08 12:32:25,241 INFO o.a.j.t.JMeterThread: Thread is done: Task 6 Thread 6-46
2024-04-08 12:32:25,241 INFO o.a.j.t.JMeterThread: Thread finished: Task 6 Thread 6-46
2024-04-08 12:32:25,408 INFO o.a.j.t.JMeterThread: Thread is done: Task 6 Thread 6-63
2024-04-08 12:32:25,408 INFO o.a.j.t.JMeterThread: Thread finished: Task 6 Thread 6-63
2024-04-08 12:32:25,435 INFO o.a.j.t.JMeterThread: Thread is done: Task 6 Thread 6-50
2024-04-08 12:32:25,436 INFO o.a.j.t.JMeterThread: Thread finished: Task 6 Thread 6-50
2024-04-08 12:32:25,509 INFO o.a.j.t.JMeterThread: Thread is done: Task 6 Thread 6-60
2024-04-08 12:32:25,509 INFO o.a.j.t.JMeterThread: Thread finished: Task 6 Thread 6-60
2024-04-08 12:32:25,931 INFO o.a.j.t.JMeterThread: Thread is done: Task 6 Thread 6-59
2024-04-08 12:32:25,931 INFO o.a.j.t.JMeterThread: Thread finished: Task 6 Thread 6-59
2024-04-08 12:32:25,965 INFO o.a.j.t.JMeterThread: Thread is done: Task 6 Thread 6-68
2024-04-08 12:32:25,965 INFO o.a.j.t.JMeterThread: Thread finished: Task 6 Thread 6-68
2024-04-08 12:32:26,511 INFO o.a.j.t.JMeterThread: Thread is done: Task 6 Thread 6-65
2024-04-08 12:32:26,511 INFO o.a.j.t.JMeterThread: Thread finished: Task 6 Thread 6-65
2024-04-08 12:32:26,948 INFO o.a.j.t.JMeterThread: Thread is done: Task 6 Thread 6-69
2024-04-08 12:32:26,948 INFO o.a.j.t.JMeterThread: Thread finished: Task 6 Thread 6-69
2024-04-08 12:32:26,982 INFO o.a.j.t.JMeterThread: Thread is done: Task 6 Thread 6-52
2024-04-08 12:32:26,982 INFO o.a.j.t.JMeterThread: Thread finished: Task 6 Thread 6-52
2024-04-08 12:32:27,472 INFO o.a.j.t.JMeterThread: Thread is done: Task 6 Thread 6-71
2024-04-08 12:32:27,472 INFO o.a.j.t.JMeterThread: Thread finished: Task 6 Thread 6-71
2024-04-08 12:32:27,602 INFO o.a.j.t.JMeterThread: Thread is done: Task 6 Thread 6-37
2024-04-08 12:32:27,602 INFO o.a.j.t.JMeterThread: Thread finished: Task 6 Thread 6-37
2024-04-08 12:32:27,808 INFO o.a.j.t.JMeterThread: Thread is done: Task 6 Thread 6-78
2024-04-08 12:32:27,808 INFO o.a.j.t.JMeterThread: Thread finished: Task 6 Thread 6-78
2024-04-08 12:32:27,892 INFO o.a.j.t.JMeterThread: Thread is done: Task 6 Thread 6-77
2024-04-08 12:32:27,892 INFO o.a.j.t.JMeterThread: Thread finished: Task 6 Thread 6-77
2024-04-08 12:32:28,209 INFO o.a.j.t.JMeterThread: Thread is done: Task 6 Thread 6-82
2024-04-08 12:32:28,209 INFO o.a.j.t.JMeterThread: Thread finished: Task 6 Thread 6-82
2024-04-08 12:32:28,274 INFO o.a.j.t.JMeterThread: Thread is done: Task 6 Thread 6-81
2024-04-08 12:32:28,274 INFO o.a.j.t.JMeterThread: Thread finished: Task 6 Thread 6-81
2024-04-08 12:32:28,594 INFO o.a.j.t.JMeterThread: Thread is done: Task 6 Thread 6-70
2024-04-08 12:32:28,594 INFO o.a.j.t.JMeterThread: Thread finished: Task 6 Thread 6-70
2024-04-08 12:32:28,614 INFO o.a.j.t.JMeterThread: Thread is done: Task 6 Thread 6-73
2024-04-08 12:32:28,614 INFO o.a.j.t.JMeterThread: Thread finished: Task 6 Thread 6-73
2024-04-08 12:32:28,628 INFO o.a.j.t.JMeterThread: Thread is done: Task 6 Thread 6-74
2024-04-08 12:32:28,628 INFO o.a.j.t.JMeterThread: Thread finished: Task 6 Thread 6-74
2024-04-08 12:32:28,713 INFO o.a.j.t.JMeterThread: Thread is done: Task 6 Thread 6-51
2024-04-08 12:32:28,713 INFO o.a.j.t.JMeterThread: Thread finished: Task 6 Thread 6-51
2024-04-08 12:32:28,931 INFO o.a.j.t.JMeterThread: Thread is done: Task 6 Thread 6-79
2024-04-08 12:32:28,932 INFO o.a.j.t.JMeterThread: Thread finished: Task 6 Thread 6-79
2024-04-08 12:32:29,039 INFO o.a.j.t.JMeterThread: Thread is done: Task 6 Thread 6-76
2024-04-08 12:32:29,039 INFO o.a.j.t.JMeterThread: Thread finished: Task 6 Thread 6-76
2024-04-08 12:32:29,072 INFO o.a.j.t.JMeterThread: Thread is done: Task 6 Thread 6-72
2024-04-08 12:32:29,072 INFO o.a.j.t.JMeterThread: Thread finished: Task 6 Thread 6-72
2024-04-08 12:32:29,119 INFO o.a.j.t.JMeterThread: Thread is done: Task 6 Thread 6-66
2024-04-08 12:32:29,119 INFO o.a.j.t.JMeterThread: Thread finished: Task 6 Thread 6-66
2024-04-08 12:32:29,150 INFO o.a.j.t.JMeterThread: Thread is done: Task 6 Thread 6-57
2024-04-08 12:32:29,150 INFO o.a.j.t.JMeterThread: Thread finished: Task 6 Thread 6-57
2024-04-08 12:32:29,439 INFO o.a.j.t.JMeterThread: Thread is done: Task 6 Thread 6-64
2024-04-08 12:32:29,440 INFO o.a.j.t.JMeterThread: Thread finished: Task 6 Thread 6-64
2024-04-08 12:32:29,493 INFO o.a.j.t.JMeterThread: Thread is done: Task 6 Thread 6-67
2024-04-08 12:32:29,493 INFO o.a.j.t.JMeterThread: Thread finished: Task 6 Thread 6-67
2024-04-08 12:32:29,583 INFO o.a.j.t.JMeterThread: Thread is done: Task 6 Thread 6-86
2024-04-08 12:32:29,583 INFO o.a.j.t.JMeterThread: Thread finished: Task 6 Thread 6-86
2024-04-08 12:32:29,686 INFO o.a.j.t.JMeterThread: Thread is done: Task 6 Thread 6-75
2024-04-08 12:32:29,686 INFO o.a.j.t.JMeterThread: Thread finished: Task 6 Thread 6-75
2024-04-08 12:32:29,852 INFO o.a.j.t.JMeterThread: Thread is done: Task 6 Thread 6-85
2024-04-08 12:32:29,852 INFO o.a.j.t.JMeterThread: Thread finished: Task 6 Thread 6-85
2024-04-08 12:32:29,919 INFO o.a.j.t.JMeterThread: Thread is done: Task 6 Thread 6-87
2024-04-08 12:32:29,919 INFO o.a.j.t.JMeterThread: Thread finished: Task 6 Thread 6-87
2024-04-08 12:32:29,934 INFO o.a.j.t.JMeterThread: Thread is done: Task 6 Thread 6-90
2024-04-08 12:32:29,934 INFO o.a.j.t.JMeterThread: Thread finished: Task 6 Thread 6-90
2024-04-08 12:32:30,040 INFO o.a.j.t.JMeterThread: Thread is done: Task 6 Thread 6-83
2024-04-08 12:32:30,040 INFO o.a.j.t.JMeterThread: Thread finished: Task 6 Thread 6-83
2024-04-08 12:32:31,030 INFO o.a.j.t.JMeterThread: Thread is done: Task 6 Thread 6-96
2024-04-08 12:32:31,030 INFO o.a.j.t.JMeterThread: Thread finished: Task 6 Thread 6-96
2024-04-08 12:32:31,330 INFO o.a.j.t.JMeterThread: Thread is done: Task 6 Thread 6-89
2024-04-08 12:32:31,330 INFO o.a.j.t.JMeterThread: Thread finished: Task 6 Thread 6-89
2024-04-08 12:32:31,642 INFO o.a.j.t.JMeterThread: Thread is done: Task 6 Thread 6-97
2024-04-08 12:32:31,642 INFO o.a.j.t.JMeterThread: Thread finished: Task 6 Thread 6-97
2024-04-08 12:32:31,943 INFO o.a.j.t.JMeterThread: Thread is done: Task 6 Thread 6-94
2024-04-08 12:32:31,944 INFO o.a.j.t.JMeterThread: Thread finished: Task 6 Thread 6-94
2024-04-08 12:32:31,997 INFO o.a.j.t.JMeterThread: Thread is done: Task 6 Thread 6-98
2024-04-08 12:32:31,997 INFO o.a.j.t.JMeterThread: Thread finished: Task 6 Thread 6-98
2024-04-08 12:32:32,038 INFO o.a.j.t.JMeterThread: Thread is done: Task 6 Thread 6-95
2024-04-08 12:32:32,039 INFO o.a.j.t.JMeterThread: Thread finished: Task 6 Thread 6-95
2024-04-08 12:32:32,173 INFO o.a.j.t.JMeterThread: Thread is done: Task 6 Thread 6-100
2024-04-08 12:32:32,173 INFO o.a.j.t.JMeterThread: Thread finished: Task 6 Thread 6-100
2024-04-08 12:32:32,814 INFO o.a.j.t.JMeterThread: Thread is done: Task 6 Thread 6-88
2024-04-08 12:32:32,814 INFO o.a.j.t.JMeterThread: Thread finished: Task 6 Thread 6-88
2024-04-08 12:32:33,182 INFO o.a.j.t.JMeterThread: Thread is done: Task 6 Thread 6-93
2024-04-08 12:32:33,182 INFO o.a.j.t.JMeterThread: Thread finished: Task 6 Thread 6-93
2024-04-08 12:32:33,391 INFO o.a.j.t.JMeterThread: Thread is done: Task 6 Thread 6-103
2024-04-08 12:32:33,391 INFO o.a.j.t.JMeterThread: Thread finished: Task 6 Thread 6-103
2024-04-08 12:32:33,511 INFO o.a.j.t.JMeterThread: Thread is done: Task 6 Thread 6-80
2024-04-08 12:32:33,511 INFO o.a.j.t.JMeterThread: Thread finished: Task 6 Thread 6-80
2024-04-08 12:32:34,397 INFO o.a.j.t.JMeterThread: Thread is done: Task 6 Thread 6-92
2024-04-08 12:32:34,397 INFO o.a.j.t.JMeterThread: Thread finished: Task 6 Thread 6-92
2024-04-08 12:32:34,644 INFO o.a.j.t.JMeterThread: Thread is done: Task 6 Thread 6-104
2024-04-08 12:32:34,644 INFO o.a.j.t.JMeterThread: Thread finished: Task 6 Thread 6-104
2024-04-08 12:32:35,017 INFO o.a.j.t.JMeterThread: Thread is done: Task 6 Thread 6-115
2024-04-08 12:32:35,017 INFO o.a.j.t.JMeterThread: Thread finished: Task 6 Thread 6-115
2024-04-08 12:32:35,057 INFO o.a.j.t.JMeterThread: Thread is done: Task 6 Thread 6-102
2024-04-08 12:32:35,058 INFO o.a.j.t.JMeterThread: Thread finished: Task 6 Thread 6-102
2024-04-08 12:32:35,210 INFO o.a.j.t.JMeterThread: Thread is done: Task 6 Thread 6-109
2024-04-08 12:32:35,211 INFO o.a.j.t.JMeterThread: Thread finished: Task 6 Thread 6-109
2024-04-08 12:32:35,277 INFO o.a.j.t.JMeterThread: Thread is done: Task 6 Thread 6-91
2024-04-08 12:32:35,278 INFO o.a.j.t.JMeterThread: Thread finished: Task 6 Thread 6-91
2024-04-08 12:32:35,385 INFO o.a.j.t.JMeterThread: Thread is done: Task 6 Thread 6-108
2024-04-08 12:32:35,386 INFO o.a.j.t.JMeterThread: Thread finished: Task 6 Thread 6-108
2024-04-08 12:32:35,416 INFO o.a.j.t.JMeterThread: Thread is done: Task 6 Thread 6-105
2024-04-08 12:32:35,417 INFO o.a.j.t.JMeterThread: Thread finished: Task 6 Thread 6-105
2024-04-08 12:32:35,450 INFO o.a.j.t.JMeterThread: Thread is done: Task 6 Thread 6-110
2024-04-08 12:32:35,451 INFO o.a.j.t.JMeterThread: Thread finished: Task 6 Thread 6-110
2024-04-08 12:32:35,525 INFO o.a.j.t.JMeterThread: Thread is done: Task 6 Thread 6-106
2024-04-08 12:32:35,525 INFO o.a.j.t.JMeterThread: Thread is done: Task 6 Thread 6-99
2024-04-08 12:32:35,525 INFO o.a.j.t.JMeterThread: Thread finished: Task 6 Thread 6-106
2024-04-08 12:32:35,525 INFO o.a.j.t.JMeterThread: Thread finished: Task 6 Thread 6-99
2024-04-08 12:32:35,625 INFO o.a.j.t.JMeterThread: Thread is done: Task 6 Thread 6-113
2024-04-08 12:32:35,625 INFO o.a.j.t.JMeterThread: Thread finished: Task 6 Thread 6-113
2024-04-08 12:32:35,747 INFO o.a.j.t.JMeterThread: Thread is done: Task 6 Thread 6-112
2024-04-08 12:32:35,747 INFO o.a.j.t.JMeterThread: Thread finished: Task 6 Thread 6-112
2024-04-08 12:32:35,785 INFO o.a.j.t.JMeterThread: Thread is done: Task 6 Thread 6-84
2024-04-08 12:32:35,786 INFO o.a.j.t.JMeterThread: Thread finished: Task 6 Thread 6-84
2024-04-08 12:32:35,855 INFO o.a.j.t.JMeterThread: Thread is done: Task 6 Thread 6-118
2024-04-08 12:32:35,856 INFO o.a.j.t.JMeterThread: Thread finished: Task 6 Thread 6-118
2024-04-08 12:32:35,917 INFO o.a.j.t.JMeterThread: Thread is done: Task 6 Thread 6-119
2024-04-08 12:32:35,917 INFO o.a.j.t.JMeterThread: Thread finished: Task 6 Thread 6-119
2024-04-08 12:32:35,930 INFO o.a.j.t.JMeterThread: Thread is done: Task 6 Thread 6-122
2024-04-08 12:32:35,930 INFO o.a.j.t.JMeterThread: Thread finished: Task 6 Thread 6-122
2024-04-08 12:32:36,818 INFO o.a.j.t.JMeterThread: Thread is done: Task 6 Thread 6-101
2024-04-08 12:32:36,818 INFO o.a.j.t.JMeterThread: Thread finished: Task 6 Thread 6-101
2024-04-08 12:32:37,162 INFO o.a.j.t.JMeterThread: Thread is done: Task 6 Thread 6-125
2024-04-08 12:32:37,162 INFO o.a.j.t.JMeterThread: Thread finished: Task 6 Thread 6-125
2024-04-08 12:32:37,775 INFO o.a.j.t.JMeterThread: Thread is done: Task 6 Thread 6-114
2024-04-08 12:32:37,775 INFO o.a.j.t.JMeterThread: Thread finished: Task 6 Thread 6-114
2024-04-08 12:32:38,170 INFO o.a.j.t.JMeterThread: Thread is done: Task 6 Thread 6-116
2024-04-08 12:32:38,170 INFO o.a.j.t.JMeterThread: Thread finished: Task 6 Thread 6-116
2024-04-08 12:32:38,203 INFO o.a.j.t.JMeterThread: Thread is done: Task 6 Thread 6-129
2024-04-08 12:32:38,203 INFO o.a.j.t.JMeterThread: Thread finished: Task 6 Thread 6-129
2024-04-08 12:32:38,288 INFO o.a.j.t.JMeterThread: Thread is done: Task 6 Thread 6-128
2024-04-08 12:32:38,288 INFO o.a.j.t.JMeterThread: Thread finished: Task 6 Thread 6-128
2024-04-08 12:32:38,569 INFO o.a.j.t.JMeterThread: Thread is done: Task 6 Thread 6-120
2024-04-08 12:32:38,569 INFO o.a.j.t.JMeterThread: Thread finished: Task 6 Thread 6-120
2024-04-08 12:32:38,767 INFO o.a.j.t.JMeterThread: Thread is done: Task 6 Thread 6-121
2024-04-08 12:32:38,768 INFO o.a.j.t.JMeterThread: Thread finished: Task 6 Thread 6-121
2024-04-08 12:32:39,219 INFO o.a.j.t.JMeterThread: Thread is done: Task 6 Thread 6-131
2024-04-08 12:32:39,219 INFO o.a.j.t.JMeterThread: Thread finished: Task 6 Thread 6-131
2024-04-08 12:32:39,270 INFO o.a.j.t.JMeterThread: Thread is done: Task 6 Thread 6-127
2024-04-08 12:32:39,270 INFO o.a.j.t.JMeterThread: Thread finished: Task 6 Thread 6-127
2024-04-08 12:32:39,341 INFO o.a.j.t.JMeterThread: Thread is done: Task 6 Thread 6-117
2024-04-08 12:32:39,341 INFO o.a.j.t.JMeterThread: Thread finished: Task 6 Thread 6-117
2024-04-08 12:32:39,528 INFO o.a.j.t.JMeterThread: Thread is done: Task 6 Thread 6-124
2024-04-08 12:32:39,529 INFO o.a.j.t.JMeterThread: Thread finished: Task 6 Thread 6-124
2024-04-08 12:32:39,548 INFO o.a.j.t.JMeterThread: Thread is done: Task 6 Thread 6-130
2024-04-08 12:32:39,548 INFO o.a.j.t.JMeterThread: Thread finished: Task 6 Thread 6-130
2024-04-08 12:32:39,652 INFO o.a.j.t.JMeterThread: Thread is done: Task 6 Thread 6-139
2024-04-08 12:32:39,653 INFO o.a.j.t.JMeterThread: Thread finished: Task 6 Thread 6-139
2024-04-08 12:32:39,973 INFO o.a.j.t.JMeterThread: Thread is done: Task 6 Thread 6-107
2024-04-08 12:32:39,973 INFO o.a.j.t.JMeterThread: Thread finished: Task 6 Thread 6-107
2024-04-08 12:32:40,063 INFO o.a.j.t.JMeterThread: Thread is done: Task 6 Thread 6-145
2024-04-08 12:32:40,063 INFO o.a.j.t.JMeterThread: Thread finished: Task 6 Thread 6-145
2024-04-08 12:32:40,104 INFO o.a.j.t.JMeterThread: Thread is done: Task 6 Thread 6-111
2024-04-08 12:32:40,105 INFO o.a.j.t.JMeterThread: Thread finished: Task 6 Thread 6-111
2024-04-08 12:32:40,329 INFO o.a.j.t.JMeterThread: Thread is done: Task 6 Thread 6-134
2024-04-08 12:32:40,329 INFO o.a.j.t.JMeterThread: Thread finished: Task 6 Thread 6-134
2024-04-08 12:32:40,610 INFO o.a.j.t.JMeterThread: Thread is done: Task 6 Thread 6-126
2024-04-08 12:32:40,610 INFO o.a.j.t.JMeterThread: Thread finished: Task 6 Thread 6-126
2024-04-08 12:32:40,750 INFO o.a.j.t.JMeterThread: Thread is done: Task 6 Thread 6-136
2024-04-08 12:32:40,750 INFO o.a.j.t.JMeterThread: Thread finished: Task 6 Thread 6-136
2024-04-08 12:32:41,013 INFO o.a.j.t.JMeterThread: Thread is done: Task 6 Thread 6-138
2024-04-08 12:32:41,013 INFO o.a.j.t.JMeterThread: Thread finished: Task 6 Thread 6-138
2024-04-08 12:32:41,325 INFO o.a.j.t.JMeterThread: Thread is done: Task 6 Thread 6-132
2024-04-08 12:32:41,325 INFO o.a.j.t.JMeterThread: Thread finished: Task 6 Thread 6-132
2024-04-08 12:32:41,552 INFO o.a.j.t.JMeterThread: Thread is done: Task 6 Thread 6-133
2024-04-08 12:32:41,553 INFO o.a.j.t.JMeterThread: Thread finished: Task 6 Thread 6-133
2024-04-08 12:32:41,830 INFO o.a.j.t.JMeterThread: Thread is done: Task 6 Thread 6-150
2024-04-08 12:32:41,831 INFO o.a.j.t.JMeterThread: Thread finished: Task 6 Thread 6-150
2024-04-08 12:32:41,916 INFO o.a.j.t.JMeterThread: Thread is done: Task 6 Thread 6-123
2024-04-08 12:32:41,916 INFO o.a.j.t.JMeterThread: Thread finished: Task 6 Thread 6-123
2024-04-08 12:32:42,188 INFO o.a.j.t.JMeterThread: Thread is done: Task 6 Thread 6-137
2024-04-08 12:32:42,188 INFO o.a.j.t.JMeterThread: Thread finished: Task 6 Thread 6-137
2024-04-08 12:32:42,686 INFO o.a.j.t.JMeterThread: Thread is done: Task 6 Thread 6-146
2024-04-08 12:32:42,686 INFO o.a.j.t.JMeterThread: Thread finished: Task 6 Thread 6-146
2024-04-08 12:32:43,158 INFO o.a.j.t.JMeterThread: Thread is done: Task 6 Thread 6-141
2024-04-08 12:32:43,158 INFO o.a.j.t.JMeterThread: Thread finished: Task 6 Thread 6-141
2024-04-08 12:32:43,322 INFO o.a.j.t.JMeterThread: Thread is done: Task 6 Thread 6-149
2024-04-08 12:32:43,322 INFO o.a.j.t.JMeterThread: Thread finished: Task 6 Thread 6-149
2024-04-08 12:32:43,873 INFO o.a.j.t.JMeterThread: Thread is done: Task 6 Thread 6-148
2024-04-08 12:32:43,873 INFO o.a.j.t.JMeterThread: Thread finished: Task 6 Thread 6-148
2024-04-08 12:32:43,886 INFO o.a.j.t.JMeterThread: Thread is done: Task 6 Thread 6-147
2024-04-08 12:32:43,886 INFO o.a.j.t.JMeterThread: Thread finished: Task 6 Thread 6-147
2024-04-08 12:32:43,895 INFO o.a.j.t.JMeterThread: Thread is done: Task 6 Thread 6-142
2024-04-08 12:32:43,896 INFO o.a.j.t.JMeterThread: Thread finished: Task 6 Thread 6-142
2024-04-08 12:32:44,324 INFO o.a.j.t.JMeterThread: Thread is done: Task 6 Thread 6-144
2024-04-08 12:32:44,324 INFO o.a.j.t.JMeterThread: Thread finished: Task 6 Thread 6-144
2024-04-08 12:32:44,513 INFO o.a.j.t.JMeterThread: Thread is done: Task 6 Thread 6-135
2024-04-08 12:32:44,513 INFO o.a.j.t.JMeterThread: Thread finished: Task 6 Thread 6-135
2024-04-08 12:32:44,630 INFO o.a.j.t.JMeterThread: Thread is done: Task 6 Thread 6-143
2024-04-08 12:32:44,630 INFO o.a.j.t.JMeterThread: Thread finished: Task 6 Thread 6-143
2024-04-08 12:32:46,745 INFO o.a.j.t.JMeterThread: Thread is done: Task 6 Thread 6-140
2024-04-08 12:32:46,745 INFO o.a.j.t.JMeterThread: Thread finished: Task 6 Thread 6-140
2024-04-08 12:32:46,746 INFO o.a.j.e.StandardJMeterEngine: Notifying test listeners of end of test
2024-04-08 12:32:46,747 INFO o.a.j.g.u.JMeterMenuBar: setRunning(false, *local*)
